\BOOKMARK [0][-]{chapter.2}{Digital Photography}{}% 1
\BOOKMARK [1][-]{section.2.1}{Image acquisition and digital photography}{chapter.2}% 2
\BOOKMARK [1][-]{section.2.2}{Representations of digital images}{chapter.2}% 3
\BOOKMARK [2][-]{subsection.2.2.1}{Images as functions}{section.2.2}% 4
\BOOKMARK [2][-]{subsection.2.2.2}{Image gradient}{section.2.2}% 5
\BOOKMARK [2][-]{subsection.2.2.3}{Emboss effect}{section.2.2}% 6
\BOOKMARK [1][-]{section.2.3}{Linear filters}{chapter.2}% 7
\BOOKMARK [2][-]{subsection.2.3.1}{Gaussian filter}{section.2.3}% 8
\BOOKMARK [2][-]{subsection.2.3.2}{Mean filter}{section.2.3}% 9
\BOOKMARK [1][-]{section.2.4}{Non-linear filters}{chapter.2}% 10
\BOOKMARK [2][-]{subsection.2.4.1}{Bilateral filter}{section.2.4}% 11
\BOOKMARK [2][-]{subsection.2.4.2}{Median filter}{section.2.4}% 12
\BOOKMARK [1][-]{section.2.5}{Morphological operations}{chapter.2}% 13
\BOOKMARK [0][-]{chapter.3}{GOTO END}{}% 14
\BOOKMARK [0][-]{chapter.4}{Exercises}{}% 15
\BOOKMARK [1][-]{section.4.1}{Sheet 0 - Questions in the lecture slides}{chapter.4}% 16
\BOOKMARK [2][-]{subsection.4.1.1}{Q1 - lecture 02}{section.4.1}% 17
\BOOKMARK [2][-]{subsection.4.1.2}{Q2 - lecture 03}{section.4.1}% 18
\BOOKMARK [2][-]{subsection.4.1.3}{Q3 - lecture 03}{section.4.1}% 19
\BOOKMARK [2][-]{subsection.4.1.4}{Q4 - lecture 03}{section.4.1}% 20
\BOOKMARK [1][-]{section.4.2}{Sheet 1}{chapter.4}% 21
\BOOKMARK [2][-]{subsection.4.2.1}{Assignment 1a - Bias of an estimator}{section.4.2}% 22
